0 info it worked if it ends with ok
1 verbose cli [ 'node', '/usr/local/bin/npm', 'install', '-g', 'typescript' ]
2 info using npm@1.4.28
3 info using node@v0.10.33
4 verbose cache add [ 'typescript', null ]
5 verbose cache add name=undefined spec="typescript" args=["typescript",null]
6 verbose parsed url { protocol: null,
6 verbose parsed url   slashes: null,
6 verbose parsed url   auth: null,
6 verbose parsed url   host: null,
6 verbose parsed url   port: null,
6 verbose parsed url   hostname: null,
6 verbose parsed url   hash: null,
6 verbose parsed url   search: null,
6 verbose parsed url   query: null,
6 verbose parsed url   pathname: 'typescript',
6 verbose parsed url   path: 'typescript',
6 verbose parsed url   href: 'typescript' }
7 silly lockFile fb9da861-typescript typescript
8 verbose lock typescript /Users/rene/.npm/fb9da861-typescript.lock
9 silly lockFile fb9da861-typescript typescript
10 silly lockFile fb9da861-typescript typescript
11 verbose addNamed [ 'typescript', '' ]
12 verbose addNamed [ null, '*' ]
13 silly lockFile b598c0ef-typescript typescript@
14 verbose lock typescript@ /Users/rene/.npm/b598c0ef-typescript.lock
15 silly addNameRange { name: 'typescript', range: '*', hasData: false }
16 verbose request where is /typescript
17 verbose request registry https://registry.npmjs.org/
18 verbose request id 2ae3953c004ec69f
19 verbose url raw /typescript
20 verbose url resolving [ 'https://registry.npmjs.org/', './typescript' ]
21 verbose url resolved https://registry.npmjs.org/typescript
22 verbose request where is https://registry.npmjs.org/typescript
23 info trying registry request attempt 1 at 23:16:29
24 http GET https://registry.npmjs.org/typescript
25 http 200 https://registry.npmjs.org/typescript
26 silly registry.get cb [ 200,
26 silly registry.get   { date: 'Sat, 25 Apr 2015 21:16:29 GMT',
26 silly registry.get     server: 'CouchDB/1.5.0 (Erlang OTP/R16B03)',
26 silly registry.get     etag: '"7W0WNC76OVILT0398T3T13JLN"',
26 silly registry.get     'content-type': 'application/json',
26 silly registry.get     'cache-control': 'max-age=60',
26 silly registry.get     'content-length': '23791',
26 silly registry.get     'accept-ranges': 'bytes',
26 silly registry.get     via: '1.1 varnish',
26 silly registry.get     age: '0',
26 silly registry.get     'x-served-by': 'cache-fra1226-FRA',
26 silly registry.get     'x-cache': 'HIT',
26 silly registry.get     'x-cache-hits': '1',
26 silly registry.get     'x-timer': 'S1429996589.636627,VS0,VE104',
26 silly registry.get     vary: 'Accept',
26 silly registry.get     'keep-alive': 'timeout=10, max=50',
26 silly registry.get     connection: 'Keep-Alive' } ]
27 silly addNameRange number 2 { name: 'typescript', range: '*', hasData: true }
28 silly addNameRange versions [ 'typescript',
28 silly addNameRange   [ '0.8.0',
28 silly addNameRange     '0.8.1',
28 silly addNameRange     '0.8.1-1',
28 silly addNameRange     '0.8.2',
28 silly addNameRange     '0.8.3',
28 silly addNameRange     '0.9.0',
28 silly addNameRange     '0.9.0-1',
28 silly addNameRange     '0.9.1',
28 silly addNameRange     '0.9.1-1',
28 silly addNameRange     '0.9.5',
28 silly addNameRange     '0.9.7',
28 silly addNameRange     '1.0.0',
28 silly addNameRange     '1.0.1',
28 silly addNameRange     '1.1.0-1',
28 silly addNameRange     '1.3.0',
28 silly addNameRange     '1.4.1',
28 silly addNameRange     '1.5.0-alpha' ] ]
29 verbose addNamed [ 'typescript', '1.5.0-alpha' ]
30 verbose addNamed [ '1.5.0-alpha', '1.5.0-alpha' ]
31 silly lockFile 0c0f2801-typescript-1-5-0-alpha typescript@1.5.0-alpha
32 verbose lock typescript@1.5.0-alpha /Users/rene/.npm/0c0f2801-typescript-1-5-0-alpha.lock
33 silly lockFile e83b565c-cript-typescript-1-5-0-alpha-tgz https://registry.npmjs.org/typescript/-/typescript-1.5.0-alpha.tgz
34 verbose lock https://registry.npmjs.org/typescript/-/typescript-1.5.0-alpha.tgz /Users/rene/.npm/e83b565c-cript-typescript-1-5-0-alpha-tgz.lock
35 verbose addRemoteTarball [ 'https://registry.npmjs.org/typescript/-/typescript-1.5.0-alpha.tgz',
35 verbose addRemoteTarball   '3186ae01d409d9dd924eb35c57e90c2013b97497' ]
36 info retry fetch attempt 1 at 23:16:29
37 verbose fetch to= /var/folders/nf/4f1trvgj27jfjrrj99ycwd400000gn/T/npm-1473-ONnkaUvq/registry.npmjs.org/typescript/-/typescript-1.5.0-alpha.tgz
38 http GET https://registry.npmjs.org/typescript/-/typescript-1.5.0-alpha.tgz
39 http 200 https://registry.npmjs.org/typescript/-/typescript-1.5.0-alpha.tgz
40 silly lockFile e83b565c-cript-typescript-1-5-0-alpha-tgz https://registry.npmjs.org/typescript/-/typescript-1.5.0-alpha.tgz
41 silly lockFile e83b565c-cript-typescript-1-5-0-alpha-tgz https://registry.npmjs.org/typescript/-/typescript-1.5.0-alpha.tgz
42 silly lockFile 0c0f2801-typescript-1-5-0-alpha typescript@1.5.0-alpha
43 silly lockFile 0c0f2801-typescript-1-5-0-alpha typescript@1.5.0-alpha
44 silly lockFile b598c0ef-typescript typescript@
45 silly lockFile b598c0ef-typescript typescript@
46 silly resolved [ { name: 'typescript',
46 silly resolved     author: { name: 'Microsoft Corp.' },
46 silly resolved     homepage: 'http://typescriptlang.org/',
46 silly resolved     version: '1.5.0-alpha',
46 silly resolved     licenses: [ [Object] ],
46 silly resolved     description: 'TypeScript is a language for application scale JavaScript development',
46 silly resolved     keywords: [ 'TypeScript', 'Microsoft', 'compiler', 'language', 'javascript' ],
46 silly resolved     bugs: { url: 'https://github.com/Microsoft/TypeScript/issues' },
46 silly resolved     repository:
46 silly resolved      { type: 'git',
46 silly resolved        url: 'https://github.com/Microsoft/TypeScript.git' },
46 silly resolved     preferGlobal: true,
46 silly resolved     main: './bin/typescript.js',
46 silly resolved     bin: { tsc: './bin/tsc', tsserver: './bin/tsserver' },
46 silly resolved     engines: { node: '>=0.8.0' },
46 silly resolved     devDependencies:
46 silly resolved      { jake: 'latest',
46 silly resolved        mocha: 'latest',
46 silly resolved        chai: 'latest',
46 silly resolved        browserify: 'latest',
46 silly resolved        istanbul: 'latest' },
46 silly resolved     scripts: { test: 'jake runtests' },
46 silly resolved     gitHead: 'b18dd53242df31163390c411ac7ab5e9c282fea2',
46 silly resolved     _id: 'typescript@1.5.0-alpha',
46 silly resolved     _shasum: '3186ae01d409d9dd924eb35c57e90c2013b97497',
46 silly resolved     _from: 'typescript@',
46 silly resolved     _npmVersion: '1.4.28',
46 silly resolved     _npmUser: { name: 'typescript', email: 'typescript@microsoft.com' },
46 silly resolved     maintainers: [ [Object] ],
46 silly resolved     dist:
46 silly resolved      { shasum: '3186ae01d409d9dd924eb35c57e90c2013b97497',
46 silly resolved        tarball: 'http://registry.npmjs.org/typescript/-/typescript-1.5.0-alpha.tgz' },
46 silly resolved     directories: {},
46 silly resolved     _resolved: 'https://registry.npmjs.org/typescript/-/typescript-1.5.0-alpha.tgz' } ]
47 info install typescript@1.5.0-alpha into /usr/local/lib
48 info installOne typescript@1.5.0-alpha
49 verbose lib/node_modules/typescript unbuild
50 verbose tar unpack /Users/rene/.npm/typescript/1.5.0-alpha/package.tgz
51 silly lockFile 2d878377-ocal-lib-node-modules-typescript tar:///usr/local/lib/node_modules/typescript
52 verbose lock tar:///usr/local/lib/node_modules/typescript /Users/rene/.npm/2d878377-ocal-lib-node-modules-typescript.lock
53 silly lockFile b0149c7f-pescript-1-5-0-alpha-package-tgz tar:///Users/rene/.npm/typescript/1.5.0-alpha/package.tgz
54 verbose lock tar:///Users/rene/.npm/typescript/1.5.0-alpha/package.tgz /Users/rene/.npm/b0149c7f-pescript-1-5-0-alpha-package-tgz.lock
55 silly gunzTarPerm modes [ '755', '644' ]
56 error Error: EACCES, mkdir '/usr/local/lib/node_modules/typescript'
56 error  { [Error: EACCES, mkdir '/usr/local/lib/node_modules/typescript']
56 error   errno: 3,
56 error   code: 'EACCES',
56 error   path: '/usr/local/lib/node_modules/typescript',
56 error   fstream_type: 'Directory',
56 error   fstream_path: '/usr/local/lib/node_modules/typescript',
56 error   fstream_class: 'DirWriter',
56 error   fstream_stack:
56 error    [ '/usr/local/lib/node_modules/npm/node_modules/fstream/lib/dir-writer.js:36:23',
56 error      '/usr/local/lib/node_modules/npm/node_modules/mkdirp/index.js:46:53',
56 error      'Object.oncomplete (fs.js:107:15)' ] }
57 error Please try running this command again as root/Administrator.
58 error System Darwin 13.4.0
59 error command "node" "/usr/local/bin/npm" "install" "-g" "typescript"
60 error cwd /Users/rene/work/angular/bookmonkey
61 error node -v v0.10.33
62 error npm -v 1.4.28
63 error path /usr/local/lib/node_modules/typescript
64 error fstream_path /usr/local/lib/node_modules/typescript
65 error fstream_type Directory
66 error fstream_class DirWriter
67 error code EACCES
68 error errno 3
69 error stack Error: EACCES, mkdir '/usr/local/lib/node_modules/typescript'
70 error fstream_stack /usr/local/lib/node_modules/npm/node_modules/fstream/lib/dir-writer.js:36:23
70 error fstream_stack /usr/local/lib/node_modules/npm/node_modules/mkdirp/index.js:46:53
70 error fstream_stack Object.oncomplete (fs.js:107:15)
71 verbose exit [ 3, true ]
